[23:03:17] [ServerMain/INFO]: [bootstrap] Running Java 21 (OpenJDK 64-Bit Server VM 21.0.8+9; Red Hat, Inc. (Red_Hat-21.0.8.0.9-1)) on Linux 6.15.9-201.fc42.x86_64 (amd64)
[23:03:17] [ServerMain/INFO]: [bootstrap] Loading Paper 1.21.8-50-main@51706e5 (2025-08-25T02:01:41Z) for Minecraft 1.21.8
[23:03:17] [ServerMain/INFO]: [PluginInitializerManager] Initializing plugins...
[23:03:18] [ServerMain/INFO]: [PluginInitializerManager] Initialized 2 plugins
[23:03:18] [ServerMain/INFO]: [PluginInitializerManager] Bukkit plugins (2):
 - Geyser-Spigot (2.8.3-SNAPSHOT), floodgate (2.2.4-SNAPSHOT (b118-40d320a))
[23:03:21] [ServerMain/INFO]: Environment: Environment[sessionHost=https://sessionserver.mojang.com, servicesHost=https://api.minecraftservices.com, name=PROD]
[23:03:23] [ServerMain/INFO]: Loaded 1407 recipes
[23:03:23] [ServerMain/INFO]: Loaded 1520 advancements
[23:03:23] [ServerMain/INFO]: [ca.spottedleaf.dataconverter.minecraft.datatypes.MCTypeRegistry] Initialising converters for DataConverter...
[23:03:23] [ServerMain/INFO]: [ca.spottedleaf.dataconverter.minecraft.datatypes.MCTypeRegistry] Finished initialising converters for DataConverter in 309,2ms
[23:03:23] [Server thread/INFO]: Starting minecraft server version 1.21.8
[23:03:23] [Server thread/INFO]: Loading properties
[23:03:23] [Server thread/INFO]: This server is running Paper version 1.21.8-50-main@51706e5 (2025-08-25T02:01:41Z) (Implementing API version 1.21.8-R0.1-SNAPSHOT)
[23:03:23] [Server thread/INFO]: [spark] This server bundles the spark profiler. For more information please visit https://docs.papermc.io/paper/profiling
[23:03:23] [Server thread/INFO]: Server Ping Player Sample Count: 12
[23:03:23] [Server thread/INFO]: Using 4 threads for Netty based IO
[23:03:24] [Server thread/INFO]: [MoonriseCommon] Paper is using 1 worker threads, 1 I/O threads
[23:03:24] [Server thread/INFO]: [ChunkTaskScheduler] Chunk system is using population gen parallelism: true
[23:03:24] [Server thread/INFO]: Default game type: SURVIVAL
[23:03:24] [Server thread/INFO]: Generating keypair
[23:03:24] [Server thread/INFO]: Starting Minecraft server on *:25565
[23:03:24] [Server thread/INFO]: Using epoll channel type
[23:03:24] [Server thread/INFO]: Paper: Using libdeflate (Linux x86_64) compression from Velocity.
[23:03:24] [Server thread/INFO]: Paper: Using OpenSSL 3.x.x (Linux x86_64) cipher from Velocity.
[23:03:24] [Server thread/INFO]: [floodgate] Loading server plugin floodgate v2.2.4-SNAPSHOT (b118-40d320a)
[23:03:25] [Server thread/WARN]: [floodgate] es_CO is not a supported Floodgate language.
[23:03:25] [Server thread/INFO]: [floodgate] Took 594ms to boot Floodgate
[23:03:25] [Server thread/INFO]: [Geyser-Spigot] Loading server plugin Geyser-Spigot v2.8.3-SNAPSHOT
[23:03:25] [Server thread/INFO]: [Geyser-Spigot] Loading extensions...
[23:03:25] [Server thread/INFO]: [Geyser-Spigot] Loaded 0 extension(s)
[23:03:25] [Server thread/INFO]: Server permissions file permissions.yml is empty, ignoring it
[23:03:25] [Server thread/INFO]: Preparing level "world"
[23:03:26] [Server thread/INFO]: Preparing start region for dimension minecraft:overworld
[23:03:26] [Server thread/INFO]: Preparing spawn area: 0%
[23:03:26] [Server thread/INFO]: Preparing spawn area: 0%
[23:03:26] [Server thread/INFO]: Time elapsed: 725 ms
[23:03:26] [Server thread/INFO]: Preparing start region for dimension minecraft:the_nether
[23:03:26] [Server thread/INFO]: Preparing spawn area: 0%
[23:03:27] [Server thread/INFO]: Time elapsed: 178 ms
[23:03:27] [Server thread/INFO]: Preparing start region for dimension minecraft:the_end
[23:03:27] [Server thread/INFO]: Preparing spawn area: 0%
[23:03:27] [Server thread/INFO]: Time elapsed: 86 ms
[23:03:27] [Server thread/INFO]: [floodgate] Enabling floodgate v2.2.4-SNAPSHOT (b118-40d320a)
[23:03:27] [Server thread/INFO]: [Geyser-Spigot] Enabling Geyser-Spigot v2.8.3-SNAPSHOT
[23:03:28] [Server thread/INFO]: [spark] Starting background profiler...
[23:03:29] [Server thread/INFO]: [Geyser-Spigot] ******************************************
[23:03:29] [Server thread/INFO]: [Geyser-Spigot] 
[23:03:29] [Server thread/INFO]: [Geyser-Spigot] Loading Geyser version 2.8.3-b917 (git-master-1dc3f41)
[23:03:29] [Server thread/INFO]: [Geyser-Spigot] 
[23:03:29] [Server thread/INFO]: [Geyser-Spigot] ******************************************
[23:03:32] [GeyserServer-3-1/INFO]: [Geyser-Spigot] Started Geyser on UDP port 19132
[23:03:32] [Server thread/INFO]: [Geyser-Spigot] Done (2,901s)! Run /geyser help for help!
[23:03:32] [Server thread/INFO]: Done preparing level "world" (6.319s)
[23:03:32] [Server thread/INFO]: Running delayed init tasks
[23:03:32] [Server thread/INFO]: Done (15.316s)! For help, type "help"
[23:04:00] [User Authenticator #0/INFO]: UUID of player EHLogin is f19b2846-5a6d-489c-8f45-b0f0f8cda86a
[23:04:04] [Server thread/INFO]: EHLogin joined the game
[23:04:04] [Server thread/INFO]: EHLogin[/192.168.1.4:34196] logged in with entity id 99 at ([world]35.288894221549164, 77.0, 51.02059474840753)
[23:05:25] [GeyserServerChild-4-1/INFO]: [Geyser-Spigot] Player connected with username HardElite3596
[23:05:25] [localSession-7-2/INFO]: [Geyser-Spigot] HardElite3596 (logged in as: HardElite3596) has connected to the Java server
[23:05:26] [Server thread/INFO]: [floodgate] Floodgate player logged in as .HardElite3596 joined (UUID: 00000000-0000-0000-0009-00000da24d9d)
[23:05:26] [Server thread/INFO]: .HardElite3596 joined the game
[23:05:26] [Server thread/INFO]: .HardElite3596[/192.168.1.8:0] logged in with entity id 368 at ([world]35.278305, 77.0, 49.133266)
[23:05:46] [GeyserServerChild-4-1/INFO]: [Geyser-Spigot] HardElite3596 has disconnected from the Java server because of Bedrock client disconnected
[23:05:46] [Geyser Spigot connection thread-6-3/INFO]: [floodgate] Floodgate player logged in as .HardElite3596 disconnected
[23:05:46] [Server thread/INFO]: .HardElite3596 lost connection: Disconnected
[23:05:46] [Server thread/INFO]: .HardElite3596 left the game
[23:08:13] [Server thread/INFO]: EHLogin lost connection: Disconnected
[23:08:13] [Server thread/INFO]: EHLogin left the game
[23:12:46] [Server thread/INFO]: Stopping server
[23:12:46] [Server thread/INFO]: [Geyser-Spigot] Disabling Geyser-Spigot v2.8.3-SNAPSHOT
[23:12:46] [Server thread/INFO]: [Geyser-Spigot] Shutting down Geyser.
[23:12:47] [Server thread/INFO]: [Geyser-Spigot] Geyser shutdown successfully.
[23:12:47] [Server thread/INFO]: [floodgate] Disabling floodgate v2.2.4-SNAPSHOT (b118-40d320a)
[23:12:47] [Server thread/INFO]: Saving players
[23:12:47] [Server thread/INFO]: Saving worlds
[23:12:47] [Server thread/INFO]: Saving chunks for level 'ServerLevel[world]'/minecraft:overworld
[23:12:47] [Server thread/INFO]: [ChunkHolderManager] Waiting 60s for chunk system to halt for world 'world'
[23:12:47] [Server thread/INFO]: [ChunkHolderManager] Halted chunk system for world 'world'
[23:12:47] [Server thread/INFO]: [ChunkHolderManager] Saving all chunkholders for world 'world'
[23:12:47] [Server thread/INFO]: [ChunkHolderManager] Saved 0 block chunks, 124 entity chunks, 0 poi chunks in world 'world' in 0,02s
[23:12:47] [Server thread/INFO]: [ChunkHolderManager] Waiting 60s for chunk I/O to halt for world 'world'
[23:12:47] [Server thread/INFO]: [ChunkHolderManager] Halted I/O scheduler for world 'world'
[23:12:47] [Server thread/INFO]: Saving chunks for level 'ServerLevel[world_nether]'/minecraft:the_nether
[23:12:47] [Server thread/INFO]: [ChunkHolderManager] Waiting 60s for chunk system to halt for world 'world_nether'
[23:12:47] [Server thread/INFO]: [ChunkHolderManager] Halted chunk system for world 'world_nether'
[23:12:47] [Server thread/INFO]: [ChunkHolderManager] Saving all chunkholders for world 'world_nether'
[23:12:47] [Server thread/INFO]: [ChunkHolderManager] Saved 0 block chunks, 0 entity chunks, 0 poi chunks in world 'world_nether' in 0,00s
[23:12:47] [Server thread/INFO]: [ChunkHolderManager] Waiting 60s for chunk I/O to halt for world 'world_nether'
[23:12:47] [Server thread/INFO]: [ChunkHolderManager] Halted I/O scheduler for world 'world_nether'
[23:12:47] [Server thread/INFO]: Saving chunks for level 'ServerLevel[world_the_end]'/minecraft:the_end
[23:12:47] [WebSocketConnectReadThread-69/INFO]: [Geyser-Spigot] The skin uploader has been closed
[23:12:47] [Server thread/INFO]: [ChunkHolderManager] Waiting 60s for chunk system to halt for world 'world_the_end'
[23:12:47] [Server thread/INFO]: [ChunkHolderManager] Halted chunk system for world 'world_the_end'
[23:12:47] [Server thread/INFO]: [ChunkHolderManager] Saving all chunkholders for world 'world_the_end'
[23:12:47] [Server thread/INFO]: [ChunkHolderManager] Saved 0 block chunks, 10 entity chunks, 0 poi chunks in world 'world_the_end' in 0,01s
[23:12:47] [Server thread/INFO]: [ChunkHolderManager] Waiting 60s for chunk I/O to halt for world 'world_the_end'
[23:12:47] [Server thread/INFO]: [ChunkHolderManager] Halted I/O scheduler for world 'world_the_end'
[23:12:47] [Server thread/INFO]: ThreadedAnvilChunkStorage (world): All chunks are saved
[23:12:47] [Server thread/INFO]: ThreadedAnvilChunkStorage (DIM-1): All chunks are saved
[23:12:47] [Server thread/INFO]: ThreadedAnvilChunkStorage (DIM1): All chunks are saved
[23:12:47] [Server thread/INFO]: ThreadedAnvilChunkStorage: All dimensions are saved
[23:12:47] [Server thread/INFO]: Waiting for all RegionFile I/O tasks to complete...
[23:12:47] [Server thread/INFO]: All RegionFile I/O tasks to complete
[23:12:47] [Server thread/INFO]: [MoonriseCommon] Awaiting termination of worker pool for up to 60s...
[23:12:47] [Server thread/INFO]: [MoonriseCommon] Awaiting termination of I/O pool for up to 60s...
